2023-08-10 09:59:06,696 - Url is open successfully
2023-08-10 09:59:07,532 - UserName is set
2023-08-10 09:59:08,643 - Password is set
2023-08-10 09:59:17,618 - Login Passed
2023-08-10 09:59:51,137 - Url is open successfully
2023-08-10 09:59:51,451 - UserName is set
2023-08-10 09:59:51,671 - Password is set
2023-08-10 10:00:18,506 - Url is open successfully
2023-08-10 10:00:18,802 - UserName is set
2023-08-10 10:00:19,061 - Password is set
2023-08-10 10:00:26,271 - Login Passed
2023-08-10 10:00:44,837 - Url is open successfully
2023-08-10 10:00:45,120 - UserName is set
2023-08-10 10:00:45,362 - Password is set
2023-08-10 10:01:00,518 - Url is open successfully
2023-08-10 10:01:00,818 - UserName is set
2023-08-10 10:01:01,104 - Password is set
2023-08-10 10:15:29,821 - URL is open
2023-08-10 10:15:30,274 - UserName is Set
2023-08-10 10:15:30,568 - Password is Set
2023-08-10 10:15:49,066 - Validation Started....
2023-08-10 10:16:51,920 - URL is open
2023-08-10 10:16:52,611 - UserName is Set
2023-08-10 10:16:53,063 - Password is Set
2023-08-10 10:17:15,309 - Validation Started....
2023-08-10 10:18:18,191 - URL is open
2023-08-10 10:18:18,552 - UserName is Set
2023-08-10 10:18:18,921 - Password is Set
2023-08-10 10:18:38,595 - Validation Started....
2023-08-10 10:20:03,080 - URL is open
2023-08-10 10:20:03,502 - UserName is Set
2023-08-10 10:20:04,045 - Password is Set
2023-08-10 10:21:57,508 - URL is open
2023-08-10 10:21:58,212 - UserName is Set
2023-08-10 10:21:58,575 - Password is Set
2023-08-10 10:22:19,748 - All DAta Inserted
2023-08-10 10:22:29,198 - Validation Started....
2023-08-10 10:22:29,256 - Test Case Pass
2023-08-10 15:29:35,385 - Url is Open
2023-08-10 15:29:40,279 - UserName is set
2023-08-10 15:29:42,533 - Password is set
2023-08-10 15:29:47,022 - Test Case Passed
2023-08-10 15:32:57,207 - Url is Open
2023-08-10 15:33:01,851 - UserName is set
2023-08-10 15:33:04,255 - Password is set
2023-08-10 15:33:22,224 - Test Case Passed
2023-08-10 15:43:20,391 - Url is Open
2023-08-10 15:43:25,001 - UserName is set
2023-08-10 15:43:27,301 - Password is set
2023-08-10 15:43:42,525 - Test Case Passed
